C51 COMPILER V9.01   B_KEY                                                                 05/16/2018 17:45:05 PAGE 1   


C51 COMPILER V9.01, COMPILATION OF MODULE B_KEY
OBJECT MODULE PLACED IN .\output\B_KEY.obj
COMPILER INVOKED BY: C:\Keil_v5\C51\BIN\C51.EXE Driver\B_KEY.c OMF2 BROWSE INCDIR(.\Device;.\Driver;.\system;.\USER_APP)
                    - DEBUG PRINT(.\B_KEY.lst) OBJECT(.\output\B_KEY.obj)

line level    source

   1          #include "common.h"
   2          uint8_t KEY_VAL;
   3          uint8_t KEY_CONCLUDE;
   4          uint8_t keybuf[8]={0,0,0,0,0,0,0,0};
   5          uint8_t keycom=0;
   6          bit input_f=0;
   7          uint8_t Key_Scan(void)
   8          {
   9   1              
  10   1          static uint8_t key_state=KEY_STATE0;
  11   1          uint8_t key_value=0,key_temp;
  12   1          uint8_t key1,key2;
  13   1              if(MIS_KEY) 
  14   1              {
  15   2          P30=0;
  16   2          P31=0;
  17   2          P32=0;
  18   2          P33=0;
  19   2          P34=1;
  20   2          P35=1;
  21   2          P42=1;
  22   2          P44=1;
  23   2          if(P44==0)  key1=0x70;
  24   2          if(P42==0)  key1=0xb0;
  25   2          if(P35==0)  key1=0xd0;
  26   2          if(P34==0)  key1=0xe0;
  27   2          if((P34==1)&&(P35==1)&&(P42==1)&&(P44==1))  key1=0xf0;
  28   2      
  29   2          P30=1;
  30   2          P31=1;
  31   2          P32=1;
  32   2          P33=1;
  33   2          P34=0;
  34   2          P35=0;
  35   2          P42=0;
  36   2          P44=0;
  37   2          if(P30==0)  key2=0x0e;
  38   2          if(P31==0)  key2=0x0d;
  39   2          if(P32==0)  key2=0x0b;
  40   2          if(P33==0)  key2=0x07;
  41   2          if((P30==1)&&(P31==1)&&(P32==1)&&(P33==1))  key2=0x0f;
  42   2          key_temp=key1|key2;
  43   2      
  44   2          switch(key_state)
  45   2          {
  46   3          case KEY_STATE0:
  47   3              if(key_temp!=NO_KEY)
  48   3              {
  49   4                  key_state=KEY_STATE1;
  50   4              }
  51   3              break;
  52   3      
  53   3          case KEY_STATE1:
  54   3              if(key_temp==NO_KEY)
C51 COMPILER V9.01   B_KEY                                                                 05/16/2018 17:45:05 PAGE 2   

  55   3              {
  56   4                  key_state=KEY_STATE0;
  57   4              }
  58   3              else
  59   3              {
  60   4                  switch(key_temp)
  61   4                  {
  62   5                  case 0x77:
  63   5                      key_value=4;
  64   5                      break;
  65   5                  case 0x7b:
  66   5                      key_value=5;
  67   5                      break;
  68   5                  case 0x7d:
  69   5                      key_value=6;
  70   5                      break;
  71   5                  case 0x7e:
  72   5                      key_value=7;
  73   5                      break;
  74   5      
  75   5                  case 0xb7:
  76   5                      key_value=8;
  77   5                      break;
  78   5                  case 0xbb:
  79   5                      key_value=9;
  80   5                      break;
  81   5                  case 0xbd:
  82   5                      key_value=10;
  83   5                      break;
  84   5                  case 0xbe:
  85   5                      key_value=11;
  86   5                      break;
  87   5      
  88   5                  case 0xd7:
  89   5                      key_value=12;
  90   5                      break;
  91   5                  case 0xdb:
  92   5                      key_value=13;
  93   5                      break;
  94   5                  case 0xdd:
  95   5                      key_value=14;
  96   5                      break;
  97   5                  case 0xde:
  98   5                      key_value=15;
  99   5                      break;
 100   5      
 101   5                  case 0xe7:
 102   5                      key_value=16;
 103   5                      break;
 104   5                  case 0xeb:
 105   5                      key_value=17;
 106   5                      break;
 107   5                  case 0xed:
 108   5                      key_value=18;
 109   5                      break;
 110   5                  case 0xee:
 111   5                      key_value=19;
 112   5                      break;
 113   5                  }
 114   4                  key_state=KEY_STATE2;
 115   4              }
 116   3              break;
C51 COMPILER V9.01   B_KEY                                                                 05/16/2018 17:45:05 PAGE 3   

 117   3      
 118   3          case KEY_STATE2:
 119   3              if(key_temp==NO_KEY)
 120   3              {
 121   4                  key_state=KEY_STATE0;
 122   4              }
 123   3              break;
 124   3          }
 125   2              }
 126   1              CLS_MIS(MIS_KEY);
 127   1          return key_value;
 128   1              
 129   1      }
 130          
 131          void REED_INPUT_KEY(void)
 132          {
 133   1              KEY_VAL=Key_Scan();
 134   1         //if(KEY_VAL!=0)
 135   1              //      KEY_CONCLUDE=KEY_VAL;
 136   1      }
 137          
 138          void KEYFunc_Manager(uint8_t KEY_NUM,uint8_t FUNC_TYPE,uint8_t DATA,uint8_t FUNC_ARGU)
 139          {
 140   1          if(KEY_VAL==KEY_NUM)
 141   1              {
 142   2                switch(FUNC_TYPE)
 143   2                {
 144   3                      case SMG_PART:
 145   3                              Switch_DISPart(FUNC_ARGU);
 146   3                              SMG_LAST_PART=FUNC_ARGU;
 147   3                              break;
 148   3      
 149   3      
 150   3      
 151   3                      case PART_SWC:
 152   3                              if(SMG_LAST_PART==FUNC_ARGU)
 153   3                              {
 154   4                                      Switch_DISPart(DATA);
 155   4                                      SMG_LAST_PART=DATA;
 156   4                              }
 157   3                              else if(SMG_LAST_PART==DATA)
 158   3                              {
 159   4                                      Switch_DISPart(FUNC_ARGU);
 160   4                                      SMG_LAST_PART=FUNC_ARGU;
 161   4                              }
 162   3                              else
 163   3                                      SMG_LAST_PART=FUNC_ARGU;
 164   3                              break;
 165   3      
 166   3      
 167   3      
 168   3                      case MA_INPUT:
 169   3                              if((input_f==0)&&SET_DATA_E)
 170   3                              {
 171   4                                      keybuf[keycom]=FUNC_ARGU;
 172   4                                      input_f=1;
 173   4                                      if(++keycom == Input_com)
 174   4                                      {
 175   5                                      keycom = 0;
 176   5                              }
 177   4                              }
 178   3                              break;
C51 COMPILER V9.01   B_KEY                                                                 05/16/2018 17:45:05 PAGE 4   

 179   3                }
 180   2              }
 181   1              else 
 182   1                      Switch_DISPart(SMG_LAST_PART);
 183   1                      input_f=0;              
 184   1      }
 185          


MODULE INFORMATION:   STATIC OVERLAYABLE
   CODE SIZE        =    413    ----
   CONSTANT SIZE    =   ----    ----
   XDATA SIZE       =   ----    ----
   PDATA SIZE       =   ----    ----
   DATA SIZE        =     12       8
   IDATA SIZE       =   ----    ----
   BIT SIZE         =      1    ----
   EDATA SIZE       =   ----    ----
   HDATA SIZE       =   ----    ----
   XDATA CONST SIZE =   ----    ----
   FAR CONST SIZE   =   ----    ----
END OF MODULE INFORMATION.


C51 COMPILATION COMPLETE.  0 WARNING(S),  0 ERROR(S)
