C51 COMPILER V9.01   B_LED                                                                 05/16/2018 17:45:05 PAGE 1   


C51 COMPILER V9.01, COMPILATION OF MODULE B_LED
OBJECT MODULE PLACED IN .\output\B_LED.obj
COMPILER INVOKED BY: C:\Keil_v5\C51\BIN\C51.EXE Driver\B_LED.c OMF2 BROWSE INCDIR(.\Device;.\Driver;.\system;.\USER_APP)
                    - DEBUG PRINT(.\B_LED.lst) OBJECT(.\output\B_LED.obj)

line level    source

   1          #include "common.h"
   2          uint8_t LED_State=0xff;
   3          uint16_t Flashing_Cycle;
   4          uint8_t LED_S;
   5          bit LED_ENABLE=0;
   6          bit ROLL_CRL=0;
   7          
   8          void LED_CLS(void)
   9          {
  10   1                      OPERAT(0xff);   
  11   1                      SELECT_LED; 
  12   1                      SELECT_CLS;     
  13   1      }
  14          void LED_ACTION(void)
  15          {
  16   1              if(MIS_LED&&LED_ENABLE) 
  17   1              {                                       
  18   2                      OPERAT(LED_State);      
  19   2                      SELECT_LED; 
  20   2                      SELECT_CLS;
  21   2              
  22   2                      CLS_MIS(MIS_LED);
  23   2              }               
  24   1      }
  25          
  26          void LED_STA_CHANGE(uint8_t State)
  27          {
  28   1              if(MIS_LED_STA) 
  29   1              {                                       
  30   2                      LED_State^=(1<<State);
  31   2              
  32   2                      CLS_MIS(MIS_LED_STA);
  33   2                      if(ROLL_CRL)
  34   2                              {
  35   3                                      LED_S++;
  36   3                                      if(LED_S>=8)
  37   3                                      LED_S=0;
  38   3                              }
  39   2              }       
  40   1      
  41   1      }
  42          
  43          


MODULE INFORMATION:   STATIC OVERLAYABLE
   CODE SIZE        =     72    ----
   CONSTANT SIZE    =   ----    ----
   XDATA SIZE       =   ----    ----
   PDATA SIZE       =   ----    ----
   DATA SIZE        =      4    ----
   IDATA SIZE       =   ----    ----
   BIT SIZE         =      2    ----
   EDATA SIZE       =   ----    ----
C51 COMPILER V9.01   B_LED                                                                 05/16/2018 17:45:05 PAGE 2   

   HDATA SIZE       =   ----    ----
   XDATA CONST SIZE =   ----    ----
   FAR CONST SIZE   =   ----    ----
END OF MODULE INFORMATION.


C51 COMPILATION COMPLETE.  0 WARNING(S),  0 ERROR(S)
