C51 COMPILER V9.01   DS1302                                                                05/16/2018 17:45:05 PAGE 1   


C51 COMPILER V9.01, COMPILATION OF MODULE DS1302
OBJECT MODULE PLACED IN .\output\ds1302.obj
COMPILER INVOKED BY: C:\Keil_v5\C51\BIN\C51.EXE Device\ds1302.c OMF2 BROWSE INCDIR(.\Device;.\Driver;.\system;.\USER_APP
                    -) DEBUG PRINT(.\ds1302.lst) OBJECT(.\output\ds1302.obj)

line level    source

   1          #include "common.h"
   2          /********************************************************************/ 
   3          /*单字节写入一字节数据*/
   4          uint8_t _HOUR,_SECOND,_MINUTE;  
   5                  
   6          void Write_Ds1302_Byte(unsigned char dat) 
   7          {
   8   1              unsigned char i;
   9   1              SCK = 0;
  10   1              for (i=0;i<8;i++) 
  11   1              { 
  12   2                      if (dat & 0x01)         // 等价于if((addr & 0x01) ==1) 
  13   2                      {
  14   3                              SDA_SET;                //#define SDA_SET SDA=1 /*电平置高*/
  15   3                      }
  16   2                      else 
  17   2                      {
  18   3                              SDA_CLR;                //#define SDA_CLR SDA=0 /*电平置低*/
  19   3                      }                
  20   2                      SCK_SET;
  21   2                      SCK_CLR;                
  22   2                      dat = dat >> 1; 
  23   2              } 
  24   1      }
  25          /********************************************************************/ 
  26          /*单字节读出一字节数据*/
  27          unsigned char Read_Ds1302_Byte(void) 
  28          {
  29   1              unsigned char i, dat=0; 
  30   1              for (i=0;i<8;i++)
  31   1              {       
  32   2                      dat = dat >> 1;
  33   2                      if (SDA_R)        //等价于if(SDA_R==1)    #define SDA_R SDA /*电平读取*/        
  34   2                      {
  35   3                              dat |= 0x80;
  36   3                      }
  37   2                      else 
  38   2                      {
  39   3                              dat &= 0x7F;
  40   3                      }
  41   2                      SCK_SET;
  42   2                      SCK_CLR;
  43   2              }
  44   1              return dat;
  45   1      }
  46          
  47          /********************************************************************/ 
  48          /*向DS1302 单字节写入一字节数据*/
  49          void Ds1302_Single_Byte_Write(unsigned char addr, unsigned char dat)
  50          { 
  51   1      
  52   1              RST_CLR;                        /*RST脚置低，实现DS1302的初始化*/
  53   1              SCK_CLR;                        /*SCK脚置低，实现DS1302的初始化*/
  54   1      
C51 COMPILER V9.01   DS1302                                                                05/16/2018 17:45:05 PAGE 2   

  55   1              RST_SET;                        /*启动DS1302总线,RST=1电平置高 */
  56   1              addr = addr & 0xFE;      
  57   1              Write_Ds1302_Byte(addr); /*写入目标地址：addr,保证是写操作,写之前将最低位置零*/ 
  58   1              Write_Ds1302_Byte(dat);  /*写入数据：dat*/
  59   1              RST_CLR;                                 /*停止DS1302总线*/
  60   1              SDA_CLR;
  61   1      }
  62          
  63          /********************************************************************/ 
  64          /*从DS1302单字节读出一字节数据*/
  65          unsigned char Ds1302_Single_Byte_Read(unsigned char addr) 
  66          { 
  67   1              unsigned char temp;
  68   1              RST_CLR;                        /*RST脚置低，实现DS1302的初始化*/
  69   1              SCK_CLR;                        /*SCK脚置低，实现DS1302的初始化*/
  70   1      
  71   1              RST_SET;        /*启动DS1302总线,RST=1电平置高 */       
  72   1              addr = addr | 0x01;      
  73   1              Write_Ds1302_Byte(addr); /*写入目标地址：addr,保证是读操作,写之前将最低位置高*/
  74   1              temp=Read_Ds1302_Byte(); /*从DS1302中读出一个字节的数据*/               
  75   1              RST_CLR;        /*停止DS1302总线*/
  76   1              SDA_CLR;
  77   1              return temp;
  78   1      }
  79          
  80          void set_1302(unsigned char shi,unsigned char  fen,unsigned char  miao)
  81          {
  82   1              Ds1302_Single_Byte_Write(0x8e,0);
  83   1              Ds1302_Single_Byte_Write(0x80,(miao/10)*16+miao%10);
  84   1              Ds1302_Single_Byte_Write(0x82,(fen/10)*16+fen%10);
  85   1              Ds1302_Single_Byte_Write(0x84,(shi/10)*16+shi%10);
  86   1              Ds1302_Single_Byte_Write(0x8e,0x80);
  87   1      }
  88          
  89          void READ_DS1302(void)
  90          {
  91   1              uint8_t temp;
  92   1              if(READ_time_E)
  93   1              {
  94   2                      temp=Ds1302_Single_Byte_Read(0x85);
  95   2                      _HOUR=(temp/16)*10+temp%16;     //ds1302  
  96   2                      temp=Ds1302_Single_Byte_Read(0x81);
  97   2                      _SECOND=(temp/16)*10+temp%16;
  98   2                      temp=Ds1302_Single_Byte_Read(0x83);
  99   2                      _MINUTE=(temp/16)*10+temp%16;
 100   2              }
 101   1      }


MODULE INFORMATION:   STATIC OVERLAYABLE
   CODE SIZE        =    248    ----
   CONSTANT SIZE    =   ----    ----
   XDATA SIZE       =   ----    ----
   PDATA SIZE       =   ----    ----
   DATA SIZE        =      3    ----
   IDATA SIZE       =   ----    ----
   BIT SIZE         =   ----    ----
   EDATA SIZE       =   ----    ----
   HDATA SIZE       =   ----    ----
   XDATA CONST SIZE =   ----    ----
   FAR CONST SIZE   =   ----    ----
END OF MODULE INFORMATION.

C51 COMPILER V9.01   DS1302                                                                05/16/2018 17:45:05 PAGE 3   


C51 COMPILATION COMPLETE.  0 WARNING(S),  0 ERROR(S)
