C51 COMPILER V9.01   FAC_OPERAT                                                            05/16/2018 17:45:06 PAGE 1   


C51 COMPILER V9.01, COMPILATION OF MODULE FAC_OPERAT
OBJECT MODULE PLACED IN .\output\FAC_operat.obj
COMPILER INVOKED BY: C:\Keil_v5\C51\BIN\C51.EXE Driver\FAC_operat.c OMF2 BROWSE INCDIR(.\Device;.\Driver;.\system;.\USER
                    -_APP) DEBUG PRINT(.\FAC_operat.lst) OBJECT(.\output\FAC_operat.obj)

line level    source

   1          #include "common.h"
   2          
   3          bit     RELAY_F=0;
   4          bit     BUZZER_F=0;
   5          uint8_t PREVIOUS_FAC;
   6          
   7          void FAC_CLS(void)
   8          {
   9   1              SELECT_CLS;
  10   1              OPERAT(0x00);
  11   1              PREVIOUS_FAC=0x00;
  12   1              SELECT_FAC;
  13   1              SELECT_CLS;
  14   1              OPERAT(0xff);
  15   1      }
  16          
  17          void Operat_FAC(uint8_t state)
  18          {
  19   1              uint8_t ch;
  20   1              ch=PREVIOUS_FAC ^ state;
  21   1      
  22   1              SELECT_CLS;
  23   1              OPERAT(ch);
  24   1              PREVIOUS_FAC=ch;
  25   1              SELECT_FAC;
  26   1      
  27   1              SELECT_CLS;
  28   1              OPERAT(0xff);   
  29   1      }
  30          void FACAction_Manager(uint8_t OBJECT,uint8_t DATA,uint8_t ACT_line,bit UPorDOWN,bit flag)
  31          {
  32   1       if(UPorDOWN==UP)
  33   1       {
  34   2              if((DATA>ACT_line)&&(flag==0))
  35   2              {
  36   3                      Operat_FAC(OBJECT);
  37   3                      switch(OBJECT)
  38   3                      {
  39   4                              case RELAY_:  RELAY_F=1; break;
  40   4                              case BUZZER_: BUZZER_F=1; break;
  41   4                              default: break;
  42   4                      }
  43   3              }
  44   2              else if((DATA>ACT_line)&&(flag==1));
  45   2              else if((DATA<=ACT_line)&&(flag==1))
  46   2              {
  47   3                      Operat_FAC(OBJECT);
  48   3                      switch(OBJECT)
  49   3                      {
  50   4                              case RELAY_:  RELAY_F=0; break;
  51   4                              case BUZZER_: BUZZER_F=0; break;
  52   4                              default: break;
  53   4                      }
  54   3              }
C51 COMPILER V9.01   FAC_OPERAT                                                            05/16/2018 17:45:06 PAGE 2   

  55   2              else;
  56   2        }
  57   1        else if(UPorDOWN==DOWN)
  58   1        {
  59   2              if((DATA<ACT_line)&&(flag==0))
  60   2              {
  61   3                      Operat_FAC(OBJECT);
  62   3                      switch(OBJECT)
  63   3                      {
  64   4                              case RELAY_:  RELAY_F=1; break;
  65   4                              case BUZZER_: BUZZER_F=1; break;
  66   4                              default: break;
  67   4                      }
  68   3              }
  69   2              else if((DATA<ACT_line)&&(flag==1));
  70   2              else if((DATA>=ACT_line)&&(flag==1))
  71   2              {
  72   3                      Operat_FAC(OBJECT);
  73   3                      switch(OBJECT)
  74   3                      {
  75   4                              case RELAY_:  RELAY_F=0; break;
  76   4                              case BUZZER_: BUZZER_F=0; break;
  77   4                              default: break;
  78   4                      }
  79   3              }
  80   2              else;
  81   2        }
  82   1      }


MODULE INFORMATION:   STATIC OVERLAYABLE
   CODE SIZE        =    182    ----
   CONSTANT SIZE    =   ----    ----
   XDATA SIZE       =   ----    ----
   PDATA SIZE       =   ----    ----
   DATA SIZE        =      1    ----
   IDATA SIZE       =   ----    ----
   BIT SIZE         =      2       2
   EDATA SIZE       =   ----    ----
   HDATA SIZE       =   ----    ----
   XDATA CONST SIZE =   ----    ----
   FAR CONST SIZE   =   ----    ----
END OF MODULE INFORMATION.


C51 COMPILATION COMPLETE.  0 WARNING(S),  0 ERROR(S)
