C51 COMPILER V9.01   OS_DELAY                                                              11/26/2017 21:16:29 PAGE 1   


C51 COMPILER V9.01, COMPILATION OF MODULE OS_DELAY
OBJECT MODULE PLACED IN .\output\OS_delay.obj
COMPILER INVOKED BY: C:\Keil_v5\C51\BIN\C51.EXE system\OS_delay.c OMF2 BROWSE INCDIR(.\Device;.\Driver;.\system) DEBUG P
                    -RINT(.\OS_delay.lst) OBJECT(.\output\OS_delay.obj)

line level    source

   1          #include "common.h"
   2          
   3          
   4          void Delay_ms(uint16_t x_ms)            //@11.0592MHz
   5          {
   6   1              unsigned char i, j;
   7   1              while(x_ms--)
   8   1              {
   9   2                      _nop_();
  10   2                      _nop_();
  11   2                      _nop_();
  12   2                      i = 11;
  13   2                      j = 190;
  14   2                      do
  15   2                      {
  16   3                              while (--j);
  17   3                      } while (--i);
  18   2              }
  19   1      }
  20          
  21          void Delay_us(uint16_t x_us)            //@11.0592MHz
  22          {
  23   1              while(x_us--)
  24   1              {
  25   2                      _nop_();
  26   2                      _nop_();
  27   2                      _nop_();
  28   2              }
  29   1      }


MODULE INFORMATION:   STATIC OVERLAYABLE
   CODE SIZE        =     40    ----
   CONSTANT SIZE    =   ----    ----
   XDATA SIZE       =   ----    ----
   PDATA SIZE       =   ----    ----
   DATA SIZE        =   ----    ----
   IDATA SIZE       =   ----    ----
   BIT SIZE         =   ----    ----
   EDATA SIZE       =   ----    ----
   HDATA SIZE       =   ----    ----
   XDATA CONST SIZE =   ----    ----
   FAR CONST SIZE   =   ----    ----
END OF MODULE INFORMATION.


C51 COMPILATION COMPLETE.  0 WARNING(S),  0 ERROR(S)
