C51 COMPILER V9.01   OS_MAIN                                                               05/16/2018 17:45:04 PAGE 1   


C51 COMPILER V9.01, COMPILATION OF MODULE OS_MAIN
OBJECT MODULE PLACED IN .\output\OS_main.obj
COMPILER INVOKED BY: C:\Keil_v5\C51\BIN\C51.EXE system\OS_main.c OMF2 BROWSE INCDIR(.\Device;.\Driver;.\system;.\USER_AP
                    -P) DEBUG PRINT(.\OS_main.lst) OBJECT(.\output\OS_main.obj)

line level    source

   1          /*************************************************************************
   2          $
   3          $ Project:Blue Bridge Cup Program Framework.
   4          $ Developed by Electronic Innovation Lab Team Assassin.
   5          $ B_OS 0.93 EarlyAccess.
   6          $ FYNC Electronic Innovation Lab all rights reserved.
   7          $                                                                                                2017_12_17
   8          *************************************************************************/
   9          #include "common.h"
  10          
  11          uint8_t count=0;
  12          uint8_t ict=0;
  13          
  14          void main()
  15          {
  16   1        USER_INIT();//用户自定义初始化                
  17   1        while(1)
  18   1        {     
  19   2              APP();//用户自定义系统功能      
  20   2        }
  21   1      }
  22          
  23          
  24          /**************************************************************************
  25          
  26          **************************************************************************/
  27          
  28          void Timer0_isr(void) interrupt 1
  29          {
  30   1              
  31   1               count++;
  32   1              WHEN_COUNT_T(1)//count每走1 即每500ms，以下类推
  33   1              {
  34   2                 MIS_DISPLAY=1;//显示刷新任务就绪装载，以下类推
  35   2              }
  36   1              WHEN_COUNT_T(7)
  37   1              {
  38   2                 MIS_KEY=1;
  39   2              }
  40   1              WHEN_COUNT_T(8)
  41   1              {
  42   2                      ict++;
  43   2                 MIS_LED=1;
  44   2                 WHEN_ICT_T((Flashing_Cycle/4))
  45   2                 {
  46   3                              MIS_LED_STA=1;
  47   3                 }
  48   2                 WHEN_ICT_T(100)
  49   2                      {
  50   3                              MIS_ULT=1;
  51   3                      }
  52   2                 WHEN_ICT_T(250)
  53   2                      {
  54   3                              MIS_TEMP=1;
C51 COMPILER V9.01   OS_MAIN                                                               05/16/2018 17:45:04 PAGE 2   

  55   3                      }
  56   2                      if(ict>250)
  57   2                      ict=0;
  58   2              }
  59   1              WHEN_COUNT_T(40)
  60   1              {
  61   2                 MIS_ADC=1;
  62   2              }
  63   1               if(count>54)
  64   1              count=0;
  65   1      }
  66          
  67          /******************************************************
  68          $
  69          $Project end.
  70          $Copyright @T_ASN
  71          $
  72          ******************************************************/


MODULE INFORMATION:   STATIC OVERLAYABLE
   CODE SIZE        =    168    ----
   CONSTANT SIZE    =   ----    ----
   XDATA SIZE       =   ----    ----
   PDATA SIZE       =   ----    ----
   DATA SIZE        =      2    ----
   IDATA SIZE       =   ----    ----
   BIT SIZE         =   ----    ----
   EDATA SIZE       =   ----    ----
   HDATA SIZE       =   ----    ----
   XDATA CONST SIZE =   ----    ----
   FAR CONST SIZE   =   ----    ----
END OF MODULE INFORMATION.


C51 COMPILATION COMPLETE.  0 WARNING(S),  0 ERROR(S)
