C51 COMPILER V9.01   OS_TIMER                                                              05/16/2018 17:45:06 PAGE 1   


C51 COMPILER V9.01, COMPILATION OF MODULE OS_TIMER
OBJECT MODULE PLACED IN .\output\OS_timer.obj
COMPILER INVOKED BY: C:\Keil_v5\C51\BIN\C51.EXE system\OS_timer.c OMF2 BROWSE INCDIR(.\Device;.\Driver;.\system;.\USER_A
                    -PP) DEBUG PRINT(.\OS_timer.lst) OBJECT(.\output\OS_timer.obj)

line level    source

   1          #include "common.h"
   2          
   3          bit MIS_DISPLAY=0;
   4          bit MIS_ADC=0;
   5          bit MIS_TEMP=0;
   6          bit MIS_ULT=0;
   7          bit MIS_KEY=0;
   8          bit MIS_LED=0;
   9          bit MIS_LED_STA=0;
  10          
  11          
  12          void Timer0Init_500us(void)             //0.5毫秒@11.0592MHz
  13          {
  14   1              AUXR |= 0x80;           //定时器时钟1T模式
  15   1              TMOD &= 0xF0;           //设置定时器模式
  16   1              TL0 = 0x66;             //??????
  17   1              TH0 = 0xEA;             //??????
  18   1              TH1 = 0;
  19   1              TL1 = 0;
  20   1              TF0 = 0;                //清除TF0标志
  21   1              TF1 = 0;
  22   1              TR0 = 1;                //定时器0开始计时
  23   1              ET0 = 1;
  24   1              EA = 1;
  25   1      }
  26          


MODULE INFORMATION:   STATIC OVERLAYABLE
   CODE SIZE        =     28    ----
   CONSTANT SIZE    =   ----    ----
   XDATA SIZE       =   ----    ----
   PDATA SIZE       =   ----    ----
   DATA SIZE        =   ----    ----
   IDATA SIZE       =   ----    ----
   BIT SIZE         =      7    ----
   EDATA SIZE       =   ----    ----
   HDATA SIZE       =   ----    ----
   XDATA CONST SIZE =   ----    ----
   FAR CONST SIZE   =   ----    ----
END OF MODULE INFORMATION.


C51 COMPILATION COMPLETE.  0 WARNING(S),  0 ERROR(S)
