C51 COMPILER V9.01   ULTRASONIC                                                            05/16/2018 17:45:05 PAGE 1   


C51 COMPILER V9.01, COMPILATION OF MODULE ULTRASONIC
OBJECT MODULE PLACED IN .\output\ultrasonic.obj
COMPILER INVOKED BY: C:\Keil_v5\C51\BIN\C51.EXE Device\ultrasonic.c OMF2 BROWSE INCDIR(.\Device;.\Driver;.\system;.\USER
                    -_APP) DEBUG PRINT(.\ultrasonic.lst) OBJECT(.\output\ultrasonic.obj)

line level    source

   1          #include "common.h"
   2          //TX引脚发送40KHz方波信号驱动超声波发送探头
   3          uint16_t DIStance;
   4          void send_wave(void)
   5          {
   6   1              unsigned char i = 8;  //发送8个脉冲
   7   1              
   8   1              do
   9   1              {
  10   2                      TX = 1;
  11   2                      somenop;
  12   2                      TX = 0;
  13   2                      somenop;
  14   2              }
  15   1              while(i--);
  16   1      }
  17          
  18          void READ_ULTR(void)
  19          {
  20   1              uint16_t t = 0;
  21   1       /** 200毫秒更新一次数据 */
  22   1                      if(MIS_ULT)
  23   1              {
  24   2                  
  25   2                  /** 关闭定时器0中断:计算超声波发送到返回的时间 */
  26   2                              ET0 = 0;
  27   2                  send_wave();  //发送方波信号
  28   2                  TR1 = 1;  //启动计时
  29   2                              while((RX == 1) && (TF1 == 0));  //等待收到脉冲
  30   2                              TR1 = 0;  //关闭计时
  31   2      
  32   2                              //发生溢出
  33   2                              if(TF1 == 1)
  34   2                              {
  35   3                                      TF1 = 0;
  36   3                                      DIStance = 9999;  //无返回
  37   3                              }
  38   2                              else
  39   2                              {
  40   3                                      /**  计算时间  */
  41   3                                      t = TH1;
  42   3                                      t <<= 8;
  43   3                                      t |= TL1;
  44   3                                      DIStance = (unsigned int)(t*0.018);  //计算距离                         
  45   3                              }
  46   2                              TH1 = 0;
  47   2                              TL1 = 0;
  48   2              }
  49   1                      MIS_ULT = 0;
  50   1                  ET0 = 1;  
  51   1                       
  52   1      }
  53          

C51 COMPILER V9.01   ULTRASONIC                                                            05/16/2018 17:45:05 PAGE 2   


MODULE INFORMATION:   STATIC OVERLAYABLE
   CODE SIZE        =    111    ----
   CONSTANT SIZE    =   ----    ----
   XDATA SIZE       =   ----    ----
   PDATA SIZE       =   ----    ----
   DATA SIZE        =      2    ----
   IDATA SIZE       =   ----    ----
   BIT SIZE         =   ----    ----
   EDATA SIZE       =   ----    ----
   HDATA SIZE       =   ----    ----
   XDATA CONST SIZE =   ----    ----
   FAR CONST SIZE   =   ----    ----
END OF MODULE INFORMATION.


C51 COMPILATION COMPLETE.  0 WARNING(S),  0 ERROR(S)
